# JRE version: Java(TM) SE Runtime Environment (8.0_231-b11) (build 1.8.0_231-b11)
# Java VM: Java HotSpot(TM) 64-Bit Server VM (25.231-b11 mixed mode windows-amd64 compressed oops)
Heap:
 PSYoungGen      total 139776K, used 93143K [0x000000076c000000, 0x0000000775300000, 0x00000007c0000000)
  eden space 129024K, 63% used [0x000000076c000000,0x0000000771077628,0x0000000773e00000)
  from space 10752K, 99% used [0x0000000774880000,0x00000007752fe738,0x0000000775300000)
  to   space 10752K, 0% used [0x0000000773e00000,0x0000000773e00000,0x0000000774880000)
 ParOldGen       total 142848K, used 43023K [0x00000006c4000000, 0x00000006ccb80000, 0x000000076c000000)
  object space 142848K, 30% used [0x00000006c4000000,0x00000006c6a03e60,0x00000006ccb80000)
 Metaspace       used 26989K, capacity 27796K, committed 28032K, reserved 1073152K
  class space    used 3116K, capacity 3343K, committed 3456K, reserved 1048576K
GC Heap History (10 events):
Event: 2.471 GC heap before
{Heap before GC invocations=3 (full 0):
 PSYoungGen      total 75264K, used 75243K [0x000000076c000000, 0x0000000771400000, 0x00000007c0000000)
  eden space 64512K, 100% used [0x000000076c000000,0x000000076ff00000,0x000000076ff00000)
  from space 10752K, 99% used [0x0000000770980000,0x00000007713fac50,0x0000000771400000)
  to   space 10752K, 0% used [0x000000076ff00000,0x000000076ff00000,0x0000000770980000)
 ParOldGen       total 172032K, used 1217K [0x00000006c4000000, 0x00000006ce800000, 0x000000076c000000)
  object space 172032K, 0% used [0x00000006c4000000,0x00000006c4130410,0x00000006ce800000)
 Metaspace       used 16586K, capacity 16970K, committed 17152K, reserved 1064960K
  class space    used 1940K, capacity 2048K, committed 2048K, reserved 1048576K
Event: 2.480 GC heap after
Heap after GC invocations=3 (full 0):
 PSYoungGen      total 75264K, used 10744K [0x000000076c000000, 0x0000000775300000, 0x00000007c0000000)
  eden space 64512K, 0% used [0x000000076c000000,0x000000076c000000,0x000000076ff00000)
  from space 10752K, 99% used [0x000000076ff00000,0x000000077097e030,0x0000000770980000)
  to   space 10752K, 0% used [0x0000000774880000,0x0000000774880000,0x0000000775300000)
 ParOldGen       total 172032K, used 6570K [0x00000006c4000000, 0x00000006ce800000, 0x000000076c000000)
  object space 172032K, 3% used [0x00000006c4000000,0x00000006c466a9e8,0x00000006ce800000)
 Metaspace       used 16586K, capacity 16970K, committed 17152K, reserved 1064960K
  class space    used 1940K, capacity 2048K, committed 2048K, reserved 1048576K
}
Event: 2.940 GC heap before
{Heap before GC invocations=4 (full 0):
 PSYoungGen      total 75264K, used 75256K [0x000000076c000000, 0x0000000775300000, 0x00000007c0000000)
  eden space 64512K, 100% used [0x000000076c000000,0x000000076ff00000,0x000000076ff00000)
  from space 10752K, 99% used [0x000000076ff00000,0x000000077097e030,0x0000000770980000)
  to   space 10752K, 0% used [0x0000000774880000,0x0000000774880000,0x0000000775300000)
 ParOldGen       total 172032K, used 6570K [0x00000006c4000000, 0x00000006ce800000, 0x000000076c000000)
  object space 172032K, 3% used [0x00000006c4000000,0x00000006c466a9e8,0x00000006ce800000)
 Metaspace       used 16941K, capacity 17390K, committed 17792K, reserved 1064960K
  class space    used 1944K, capacity 2054K, committed 2176K, reserved 1048576K
Event: 2.955 GC heap after
Heap after GC invocations=4 (full 0):
 PSYoungGen      total 139776K, used 10728K [0x000000076c000000, 0x0000000775300000, 0x00000007c0000000)
  eden space 129024K, 0% used [0x000000076c000000,0x000000076c000000,0x0000000773e00000)
  from space 10752K, 99% used [0x0000000774880000,0x00000007752fa040,0x0000000775300000)
  to   space 10752K, 0% used [0x0000000773e00000,0x0000000773e00000,0x0000000774880000)
 ParOldGen       total 172032K, used 15518K [0x00000006c4000000, 0x00000006ce800000, 0x000000076c000000)
  object space 172032K, 9% used [0x00000006c4000000,0x00000006c4f27800,0x00000006ce800000)
 Metaspace       used 16941K, capacity 17390K, committed 17792K, reserved 1064960K
  class space    used 1944K, capacity 2054K, committed 2176K, reserved 1048576K
}
Event: 3.786 GC heap before
{Heap before GC invocations=5 (full 0):
 PSYoungGen      total 139776K, used 90082K [0x000000076c000000, 0x0000000775300000, 0x00000007c0000000)
  eden space 129024K, 61% used [0x000000076c000000,0x0000000770d7ea80,0x0000000773e00000)
  from space 10752K, 99% used [0x0000000774880000,0x00000007752fa040,0x0000000775300000)
  to   space 10752K, 0% used [0x0000000773e00000,0x0000000773e00000,0x0000000774880000)
 ParOldGen       total 172032K, used 15518K [0x00000006c4000000, 0x00000006ce800000, 0x000000076c000000)
  object space 172032K, 9% used [0x00000006c4000000,0x00000006c4f27800,0x00000006ce800000)
 Metaspace       used 20588K, capacity 21132K, committed 21248K, reserved 1069056K
  class space    used 2371K, capacity 2495K, committed 2560K, reserved 1048576K
Event: 3.805 GC heap after
Heap after GC invocations=5 (full 0):
 PSYoungGen      total 139776K, used 10726K [0x000000076c000000, 0x0000000775300000, 0x00000007c0000000)
  eden space 129024K, 0% used [0x000000076c000000,0x000000076c000000,0x0000000773e00000)
  from space 10752K, 99% used [0x0000000773e00000,0x0000000774879ab0,0x0000000774880000)
  to   space 10752K, 0% used [0x0000000774880000,0x0000000774880000,0x0000000775300000)
 ParOldGen       total 172032K, used 21347K [0x00000006c4000000, 0x00000006ce800000, 0x000000076c000000)
  object space 172032K, 12% used [0x00000006c4000000,0x00000006c54d8dc8,0x00000006ce800000)
 Metaspace       used 20588K, capacity 21132K, committed 21248K, reserved 1069056K
  class space    used 2371K, capacity 2495K, committed 2560K, reserved 1048576K
}
Event: 3.805 GC heap before
{Heap before GC invocations=6 (full 1):
 PSYoungGen      total 139776K, used 10726K [0x000000076c000000, 0x0000000775300000, 0x00000007c0000000)
  eden space 129024K, 0% used [0x000000076c000000,0x000000076c000000,0x0000000773e00000)
  from space 10752K, 99% used [0x0000000773e00000,0x0000000774879ab0,0x0000000774880000)
  to   space 10752K, 0% used [0x0000000774880000,0x0000000774880000,0x0000000775300000)
 ParOldGen       total 172032K, used 21347K [0x00000006c4000000, 0x00000006ce800000, 0x000000076c000000)
  object space 172032K, 12% used [0x00000006c4000000,0x00000006c54d8dc8,0x00000006ce800000)
 Metaspace       used 20588K, capacity 21132K, committed 21248K, reserved 1069056K
  class space    used 2371K, capacity 2495K, committed 2560K, reserved 1048576K
Event: 3.909 GC heap after
Heap after GC invocations=6 (full 1):
 PSYoungGen      total 139776K, used 0K [0x000000076c000000, 0x0000000775300000, 0x00000007c0000000)
  eden space 129024K, 0% used [0x000000076c000000,0x000000076c000000,0x0000000773e00000)
  from space 10752K, 0% used [0x0000000773e00000,0x0000000773e00000,0x0000000774880000)
  to   space 10752K, 0% used [0x0000000774880000,0x0000000774880000,0x0000000775300000)
 ParOldGen       total 142848K, used 28880K [0x00000006c4000000, 0x00000006ccb80000, 0x000000076c000000)
  object space 142848K, 20% used [0x00000006c4000000,0x00000006c5c341f8,0x00000006ccb80000)
 Metaspace       used 20588K, capacity 21132K, committed 21248K, reserved 1069056K
  class space    used 2371K, capacity 2495K, committed 2560K, reserved 1048576K
}
Event: 5.894 GC heap before
{Heap before GC invocations=7 (full 1):
 PSYoungGen      total 139776K, used 129024K [0x000000076c000000, 0x0000000775300000, 0x00000007c0000000)
  eden space 129024K, 100% used [0x000000076c000000,0x0000000773e00000,0x0000000773e00000)
  from space 10752K, 0% used [0x0000000773e00000,0x0000000773e00000,0x0000000774880000)
  to   space 10752K, 0% used [0x0000000774880000,0x0000000774880000,0x0000000775300000)
 ParOldGen       total 142848K, used 28880K [0x00000006c4000000, 0x00000006ccb80000, 0x000000076c000000)
  object space 142848K, 20% used [0x00000006c4000000,0x00000006c5c341f8,0x00000006ccb80000)
 Metaspace       used 23982K, capacity 24626K, committed 24704K, reserved 1071104K
  class space    used 2739K, capacity 2893K, committed 2944K, reserved 1048576K
Event: 5.908 GC heap after
Heap after GC invocations=7 (full 1):
 PSYoungGen      total 139776K, used 10745K [0x000000076c000000, 0x0000000775300000, 0x00000007c0000000)
  eden space 129024K, 0% used [0x000000076c000000,0x000000076c000000,0x0000000773e00000)
  from space 10752K, 99% used [0x0000000774880000,0x00000007752fe738,0x0000000775300000)
  to   space 10752K, 0% used [0x0000000773e00000,0x0000000773e00000,0x0000000774880000)
 ParOldGen       total 142848K, used 43023K [0x00000006c4000000, 0x00000006ccb80000, 0x000000076c000000)
  object space 142848K, 30% used [0x00000006c4000000,0x00000006c6a03e60,0x00000006ccb80000)
 Metaspace       used 23982K, capacity 24626K, committed 24704K, reserved 1071104K
  class space    used 2739K, capacity 2893K, committed 2944K, reserved 1048576K
}

